[19:46:18] [ServerMain/INFO]: Building unoptimized datafixer
[19:46:20] [ServerMain/INFO]: Environment: authHost='https://authserver.mojang.com', accountsHost='https://api.mojang.com', sessionHost='https://sessionserver.mojang.com', servicesHost='https://api.minecraftservices.com', name='PROD'
[19:46:22] [ServerMain/INFO]: Loaded 7 recipes
[19:46:22] [ServerMain/INFO]: Loaded 1179 advancements
[19:46:23] [Server thread/INFO]: Starting minecraft server version 1.19.2
[19:46:23] [Server thread/INFO]: Loading properties
[19:46:23] [Server thread/INFO]: Default game type: SURVIVAL
[19:46:23] [Server thread/INFO]: Generating keypair
[19:46:24] [Server thread/INFO]: Starting Minecraft server on *:25565
[19:46:24] [Server thread/INFO]: Using epoll channel type
[19:46:24] [Server thread/INFO]: Preparing level "world"
[19:46:24] [Server thread/INFO]: Preparing start region for dimension minecraft:overworld
[19:46:27] [User Authenticator #1/INFO]: UUID of player pavicpaquero is 01389eb8-e5e7-4ce6-a9c5-fcbaeb3985e2
[19:46:43] [Worker-Main-1/INFO]: Preparing spawn area: 0%
[19:46:43] [Worker-Main-2/INFO]: Preparing spawn area: 0%
[19:46:43] [Worker-Main-2/INFO]: Preparing spawn area: 0%
[19:46:43] [Worker-Main-2/INFO]: Preparing spawn area: 0%
[19:46:43] [Worker-Main-2/INFO]: Preparing spawn area: 0%
[19:46:43] [Worker-Main-3/INFO]: Preparing spawn area: 0%
[19:46:43] [Worker-Main-3/INFO]: Preparing spawn area: 0%
[19:46:43] [Worker-Main-3/INFO]: Preparing spawn area: 0%
[19:46:43] [Worker-Main-3/INFO]: Preparing spawn area: 0%
[19:46:43] [Worker-Main-3/INFO]: Preparing spawn area: 0%
[19:46:43] [Worker-Main-3/INFO]: Preparing spawn area: 0%
[19:46:43] [Worker-Main-3/INFO]: Preparing spawn area: 0%
[19:46:43] [Worker-Main-3/INFO]: Preparing spawn area: 0%
[19:46:43] [Worker-Main-2/INFO]: Preparing spawn area: 0%
[19:46:43] [Worker-Main-2/INFO]: Preparing spawn area: 0%
[19:46:43] [Worker-Main-2/INFO]: Preparing spawn area: 0%
[19:46:43] [Worker-Main-2/INFO]: Preparing spawn area: 0%
[19:46:43] [Worker-Main-2/INFO]: Preparing spawn area: 0%
[19:46:43] [Worker-Main-2/INFO]: Preparing spawn area: 0%
[19:46:43] [Worker-Main-2/INFO]: Preparing spawn area: 0%
[19:46:43] [Worker-Main-2/INFO]: Preparing spawn area: 0%
[19:46:43] [Worker-Main-3/INFO]: Preparing spawn area: 0%
[19:46:43] [Worker-Main-3/INFO]: Preparing spawn area: 0%
[19:46:43] [Worker-Main-3/INFO]: Preparing spawn area: 0%
[19:46:43] [Worker-Main-1/INFO]: Preparing spawn area: 0%
[19:46:43] [Worker-Main-1/INFO]: Preparing spawn area: 0%
[19:46:43] [Worker-Main-1/INFO]: Preparing spawn area: 0%
[19:46:43] [Worker-Main-1/INFO]: Preparing spawn area: 0%
[19:46:43] [Worker-Main-1/INFO]: Preparing spawn area: 0%
[19:46:43] [Worker-Main-1/INFO]: Preparing spawn area: 0%
[19:46:43] [Worker-Main-1/INFO]: Preparing spawn area: 0%
[19:46:43] [Worker-Main-1/INFO]: Preparing spawn area: 0%
[19:46:43] [Worker-Main-1/INFO]: Preparing spawn area: 0%
[19:46:43] [Worker-Main-1/INFO]: Preparing spawn area: 0%
[19:46:43] [Worker-Main-1/INFO]: Preparing spawn area: 0%
[19:46:43] [Worker-Main-1/INFO]: Preparing spawn area: 0%
[19:46:43] [Worker-Main-3/INFO]: Preparing spawn area: 0%
[19:46:43] [Worker-Main-3/INFO]: Preparing spawn area: 0%
[19:46:43] [Worker-Main-3/INFO]: Preparing spawn area: 0%
[19:46:44] [Worker-Main-2/INFO]: Preparing spawn area: 16%
[19:46:44] [Worker-Main-3/INFO]: Preparing spawn area: 44%
[19:46:45] [Worker-Main-2/INFO]: Preparing spawn area: 91%
[19:46:45] [Server thread/INFO]: Time elapsed: 20605 ms
[19:46:45] [Server thread/INFO]: Done (20.894s)! For help, type "help"
[19:46:45] [Server thread/INFO]: pavicpaquero[/46.193.1.106:53047] logged in with entity id 205 at (-107.020672960695, 184.0, 169.65362054330353)
[19:46:45] [Server thread/INFO]: pavicpaquero joined the game
[19:49:09] [Server thread/INFO]: Villager btp['Librarian'/89, l='ServerLevel[world]', x=-115.83, y=64.00, z=110.67] died, message: 'Librarian was slain by Zombie'
[19:57:19] [Server thread/INFO]: pavicpaquero lost connection: Disconnected
[19:57:19] [Server thread/INFO]: pavicpaquero left the game
[19:57:29] [User Authenticator #2/INFO]: UUID of player pavicpaquero is 01389eb8-e5e7-4ce6-a9c5-fcbaeb3985e2
[19:57:29] [Server thread/INFO]: pavicpaquero[/46.193.1.106:53194] logged in with entity id 4446 at (24.185867152589772, 69.0, -153.3594938445846)
[19:57:29] [Server thread/INFO]: pavicpaquero joined the game
[19:59:28] [Server thread/INFO]: pavicpaquero lost connection: Disconnected
[19:59:28] [Server thread/INFO]: pavicpaquero left the game
[19:59:40] [Server thread/INFO]: Stopping the server
[19:59:40] [Server thread/INFO]: Stopping server
[19:59:40] [Server thread/INFO]: Saving players
[19:59:40] [Server thread/INFO]: Saving worlds
[19:59:42] [Server thread/INFO]: Saving chunks for level 'ServerLevel[world]'/minecraft:overworld
[19:59:43] [Server thread/INFO]: Saving chunks for level 'ServerLevel[world]'/minecraft:the_nether
[19:59:43] [Server thread/INFO]: Saving chunks for level 'ServerLevel[world]'/minecraft:the_end
[19:59:43] [Server thread/INFO]: ThreadedAnvilChunkStorage (world): All chunks are saved
[19:59:43] [Server thread/INFO]: ThreadedAnvilChunkStorage (DIM-1): All chunks are saved
[19:59:43] [Server thread/INFO]: ThreadedAnvilChunkStorage (DIM1): All chunks are saved
[19:59:43] [Server thread/INFO]: ThreadedAnvilChunkStorage: All dimensions are saved
